[Wed Feb 01 12:43:04.330829 2023] [mpm_prefork:notice] [pid 19341] AH00163: Apache/2.4.55 (Unix) PHP/8.2.1 configured -- resuming normal operations
[Wed Feb 01 12:43:04.330905 2023] [core:notice] [pid 19341] AH00094: Command line: '/usr/local/opt/httpd/bin/httpd -D FOREGROUND'
[Thu Feb 02 10:12:45.544195 2023] [php:error] [pid 19347] [client ::1:56211] PHP Parse error:  syntax error, unexpected token "<", expecting end of file in /Users/skrypnykm/localhost/index.php on line 3
[Thu Feb 02 10:21:38.995573 2023] [php:warn] [pid 19346] [client 127.0.0.1:56626] PHP Warning:  Undefined array key "firstname" in /Users/skrypnykm/localhost/display.php on line 3
[Thu Feb 02 10:21:38.996010 2023] [php:warn] [pid 19346] [client 127.0.0.1:56626] PHP Warning:  Undefined array key "lastname" in /Users/skrypnykm/localhost/display.php on line 4
[Thu Feb 02 10:24:17.375803 2023] [php:error] [pid 19344] [client ::1:57278] PHP Fatal error:  Uncaught Error: Undefined constant "HOST" in /Users/skrypnykm/localhost/display.php:7\nStack trace:\n#0 {main}\n  thrown in /Users/skrypnykm/localhost/display.php on line 7, referer: http://localhost/
[Thu Feb 02 10:45:23.819540 2023] [php:warn] [pid 19347] [client ::1:62473] PHP Warning:  Undefined array key "HOST_NAME" in /Users/skrypnykm/localhost/display.php on line 7, referer: http://localhost/
[Thu Feb 02 10:46:23.105054 2023] [php:warn] [pid 19348] [client ::1:62718] PHP Warning:  Undefined array key "host_name" in /Users/skrypnykm/localhost/display.php on line 7, referer: http://localhost/
[Thu Feb 02 10:50:17.969319 2023] [php:error] [pid 19346] [client ::1:63680] PHP Fatal error:  Uncaught Error: Undefined constant "\xe2\x80\x98host\xe2\x80\x99" in /Users/skrypnykm/localhost/hostheader.php:3\nStack trace:\n#0 {main}\n  thrown in /Users/skrypnykm/localhost/hostheader.php on line 3
[Thu Feb 02 10:50:19.152650 2023] [php:error] [pid 19346] [client ::1:63680] PHP Fatal error:  Uncaught Error: Undefined constant "\xe2\x80\x98host\xe2\x80\x99" in /Users/skrypnykm/localhost/hostheader.php:3\nStack trace:\n#0 {main}\n  thrown in /Users/skrypnykm/localhost/hostheader.php on line 3
[Thu Feb 02 10:50:56.102232 2023] [php:error] [pid 19347] [client 127.0.0.1:63831] PHP Fatal error:  Uncaught Error: Undefined constant "\xe2\x80\x98host\xe2\x80\x99" in /Users/skrypnykm/localhost/hostheader.php:3\nStack trace:\n#0 {main}\n  thrown in /Users/skrypnykm/localhost/hostheader.php on line 3
[Thu Feb 02 10:57:58.105443 2023] [php:warn] [pid 22651] [client ::1:49230] PHP Warning:  Undefined array key "firstname" in /Users/skrypnykm/localhost/display.php on line 3
[Thu Feb 02 10:57:58.106444 2023] [php:warn] [pid 22651] [client ::1:49230] PHP Warning:  Undefined array key "lastname" in /Users/skrypnykm/localhost/display.php on line 4
[Thu Feb 02 11:00:50.647680 2023] [php:warn] [pid 19347] [client ::1:49964] PHP Warning:  Undefined array key "firstname" in /Users/skrypnykm/localhost/display.php on line 3
[Thu Feb 02 11:00:50.648428 2023] [php:warn] [pid 19347] [client ::1:49964] PHP Warning:  Undefined array key "lastname" in /Users/skrypnykm/localhost/display.php on line 4
[Thu Feb 02 11:14:33.567037 2023] [php:warn] [pid 19349] [client ::1:53321] PHP Warning:  Undefined array key "name" in /Users/skrypnykm/localhost/hostheader.php on line 5
[Thu Feb 02 11:14:37.041353 2023] [php:warn] [pid 19349] [client ::1:53321] PHP Warning:  Undefined array key "name" in /Users/skrypnykm/localhost/hostheader.php on line 5
[Thu Feb 02 11:14:59.363272 2023] [php:warn] [pid 19344] [client ::1:53430] PHP Warning:  Undefined array key "name" in /Users/skrypnykm/localhost/hostheader.php on line 5
[Thu Feb 02 11:15:02.409718 2023] [php:warn] [pid 19344] [client ::1:53430] PHP Warning:  Undefined array key "name" in /Users/skrypnykm/localhost/hostheader.php on line 5
[Thu Feb 02 11:17:18.359946 2023] [php:warn] [pid 19346] [client ::1:54002] PHP Warning:  Undefined array key "name" in /Users/skrypnykm/localhost/hostheader.php on line 5
[Thu Feb 02 11:17:28.020806 2023] [php:warn] [pid 19347] [client 127.0.0.1:54039] PHP Warning:  Undefined array key "name" in /Users/skrypnykm/localhost/hostheader.php on line 5
[Wed Feb 08 09:46:37.175063 2023] [core:warn] [pid 594] AH00098: pid file /usr/local/var/run/httpd/httpd.pid overwritten -- Unclean shutdown of previous Apache run?
[Wed Feb 08 09:46:37.204873 2023] [mpm_prefork:notice] [pid 594] AH00163: Apache/2.4.55 (Unix) PHP/8.2.1 configured -- resuming normal operations
[Wed Feb 08 09:46:37.204913 2023] [core:notice] [pid 594] AH00094: Command line: '/usr/local/opt/httpd/bin/httpd -D FOREGROUND'
[Wed Feb 08 10:55:25.907725 2023] [php:error] [pid 777] [client ::1:50219] PHP Fatal error:  Uncaught Error: Array callback must have exactly two elements in /Users/skrypnykm/localhost/home.php:24\nStack trace:\n#0 {main}\n  thrown in /Users/skrypnykm/localhost/home.php on line 24
[Wed Feb 08 10:56:11.085932 2023] [php:error] [pid 776] [client ::1:50222] PHP Fatal error:  Uncaught Error: Array callback must have exactly two elements in /Users/skrypnykm/localhost/home.php:24\nStack trace:\n#0 {main}\n  thrown in /Users/skrypnykm/localhost/home.php on line 24
[Wed Feb 08 10:56:14.819354 2023] [php:error] [pid 776] [client ::1:50222] PHP Fatal error:  Uncaught Error: Array callback must have exactly two elements in /Users/skrypnykm/localhost/home.php:24\nStack trace:\n#0 {main}\n  thrown in /Users/skrypnykm/localhost/home.php on line 24
[Wed Feb 08 10:58:39.368538 2023] [php:error] [pid 780] [client ::1:50638] script '/Users/skrypnykm/localhost/article.php' not found or unable to stat, referer: http://localhost/home.php
[Fri Feb 10 10:44:00.302053 2023] [php:warn] [pid 1735] [client ::1:63905] PHP Warning:  Undefined array key "articleName" in /Users/skrypnykm/localhost/article.php on line 7, referer: http://localhost/home.php
[Fri Feb 10 10:44:00.309999 2023] [php:warn] [pid 1735] [client ::1:63905] PHP Warning:  Undefined array key "articleLink" in /Users/skrypnykm/localhost/article.php on line 11, referer: http://localhost/home.php
[Fri Feb 10 10:44:14.448276 2023] [php:warn] [pid 777] [client ::1:63906] PHP Warning:  Undefined array key "articleName" in /Users/skrypnykm/localhost/article.php on line 7, referer: http://localhost/home.php
[Fri Feb 10 10:47:29.058804 2023] [php:warn] [pid 776] [client ::1:63913] PHP Warning:  Undefined array key "articleName" in /Users/skrypnykm/localhost/article.php on line 7, referer: http://localhost/home.php
[Fri Feb 10 10:47:29.062290 2023] [php:warn] [pid 776] [client ::1:63913] PHP Warning:  Undefined variable $login in /Users/skrypnykm/localhost/article.php on line 21, referer: http://localhost/home.php
[Fri Feb 10 10:47:29.063790 2023] [php:error] [pid 776] [client ::1:63913] PHP Fatal error:  Uncaught PDOException: SQLSTATE[HY093]: Invalid parameter number: parameter was not defined in /Users/skrypnykm/localhost/article.php:23\nStack trace:\n#0 /Users/skrypnykm/localhost/article.php(23): PDOStatement->execute()\n#1 {main}\n  thrown in /Users/skrypnykm/localhost/article.php on line 23, referer: http://localhost/home.php
[Fri Feb 10 10:48:28.150054 2023] [php:warn] [pid 778] [client ::1:63916] PHP Warning:  Undefined variable $login in /Users/skrypnykm/localhost/article.php on line 21, referer: http://localhost/home.php
[Fri Feb 10 10:48:28.151409 2023] [php:error] [pid 778] [client ::1:63916] PHP Fatal error:  Uncaught PDOException: SQLSTATE[HY093]: Invalid parameter number: parameter was not defined in /Users/skrypnykm/localhost/article.php:23\nStack trace:\n#0 /Users/skrypnykm/localhost/article.php(23): PDOStatement->execute()\n#1 {main}\n  thrown in /Users/skrypnykm/localhost/article.php on line 23, referer: http://localhost/home.php
[Fri Feb 10 10:50:46.227025 2023] [php:warn] [pid 779] [client ::1:63931] PHP Warning:  Undefined variable $login in /Users/skrypnykm/localhost/article.php on line 21, referer: http://localhost/home.php
[Fri Feb 10 10:50:46.244081 2023] [php:error] [pid 779] [client ::1:63931] PHP Fatal error:  Uncaught PDOException: SQLSTATE[HY093]: Invalid parameter number: parameter was not defined in /Users/skrypnykm/localhost/article.php:23\nStack trace:\n#0 /Users/skrypnykm/localhost/article.php(23): PDOStatement->execute()\n#1 {main}\n  thrown in /Users/skrypnykm/localhost/article.php on line 23, referer: http://localhost/home.php
[Fri Feb 10 10:50:47.851676 2023] [php:warn] [pid 779] [client ::1:63931] PHP Warning:  Undefined variable $login in /Users/skrypnykm/localhost/article.php on line 21, referer: http://localhost/home.php
[Fri Feb 10 10:50:47.852137 2023] [php:error] [pid 779] [client ::1:63931] PHP Fatal error:  Uncaught PDOException: SQLSTATE[HY093]: Invalid parameter number: parameter was not defined in /Users/skrypnykm/localhost/article.php:23\nStack trace:\n#0 /Users/skrypnykm/localhost/article.php(23): PDOStatement->execute()\n#1 {main}\n  thrown in /Users/skrypnykm/localhost/article.php on line 23, referer: http://localhost/home.php
